H
Traceback (most recent call last):
  File "/Users/emilysmith/JobPosts/JobPosts/bin/main.py", line 97, in <module>
    model.trainModel()
  File "/Users/emilysmith/JobPosts/JobPosts/utils/model.py", line 104, in trainModel
    train_set_encoding=self.model.encode(texts_against)
  File "/Users/emilysmith/.env/lib/python3.10/site-packages/sentence_transformers/SentenceTransformer.py", line 165, in encode
    out_features = self.forward(features)
  File "/Users/emilysmith/.env/lib/python3.10/site-packages/torch/nn/modules/container.py", line 217, in forward
    input = module(input)
  File "/Users/emilysmith/.env/lib/python3.10/site-packages/torch/nn/modules/module.py", line 1501, in _call_impl
    return forward_call(*args, **kwargs)
  File "/Users/emilysmith/.env/lib/python3.10/site-packages/sentence_transformers/models/Transformer.py", line 66, in forward
    output_states = self.auto_model(**trans_features, return_dict=False)
  File "/Users/emilysmith/.env/lib/python3.10/site-packages/torch/nn/modules/module.py", line 1501, in _call_impl
    return forward_call(*args, **kwargs)
  File "/Users/emilysmith/.env/lib/python3.10/site-packages/transformers/models/bert/modeling_bert.py", line 1020, in forward
    encoder_outputs = self.encoder(
  File "/Users/emilysmith/.env/lib/python3.10/site-packages/torch/nn/modules/module.py", line 1501, in _call_impl
    return forward_call(*args, **kwargs)
  File "/Users/emilysmith/.env/lib/python3.10/site-packages/transformers/models/bert/modeling_bert.py", line 610, in forward
    layer_outputs = layer_module(
  File "/Users/emilysmith/.env/lib/python3.10/site-packages/torch/nn/modules/module.py", line 1501, in _call_impl
    return forward_call(*args, **kwargs)
  File "/Users/emilysmith/.env/lib/python3.10/site-packages/transformers/models/bert/modeling_bert.py", line 537, in forward
    layer_output = apply_chunking_to_forward(
  File "/Users/emilysmith/.env/lib/python3.10/site-packages/transformers/pytorch_utils.py", line 236, in apply_chunking_to_forward
    return forward_fn(*input_tensors)
  File "/Users/emilysmith/.env/lib/python3.10/site-packages/transformers/models/bert/modeling_bert.py", line 550, in feed_forward_chunk
    layer_output = self.output(intermediate_output, attention_output)
  File "/Users/emilysmith/.env/lib/python3.10/site-packages/torch/nn/modules/module.py", line 1501, in _call_impl
    return forward_call(*args, **kwargs)
  File "/Users/emilysmith/.env/lib/python3.10/site-packages/transformers/models/bert/modeling_bert.py", line 464, in forward
    hidden_states = self.LayerNorm(hidden_states + input_tensor)
  File "/Users/emilysmith/.env/lib/python3.10/site-packages/torch/nn/modules/module.py", line 1494, in _call_impl
    def _call_impl(self, *args, **kwargs):
KeyboardInterrupt
